<?xml version="1.0" encoding="UTF-8"?>
<!-- Generated by org.testng.reporters.JUnitReportReporter -->
<testsuite name="boca.flight.SpiceTest" tests="1" time="0.171" ignored="0" failures="0" timestamp="12 Jun 2020 06:26:01 GMT" skipped="0" hostname="Bohar" errors="0">
  <testcase name="execute" time="0.171" classname="boca.flight.SpiceTest"/>
</testsuite> <!-- boca.flight.SpiceTest -->
