<?xml version="1.0" encoding="UTF-8"?>
<!-- Generated by org.testng.reporters.JUnitReportReporter -->
<testsuite name="boca.flight.FlightSearchOneWayTest" tests="1" time="13.902" ignored="0" failures="0" timestamp="12 Jun 2020 19:02:54 GMT" skipped="0" hostname="Bohar" errors="0">
  <testcase name="searchFlightOneWay" time="13.902" classname="boca.flight.FlightSearchOneWayTest"/>
</testsuite> <!-- boca.flight.FlightSearchOneWayTest -->
