<?xml version="1.0" encoding="UTF-8"?>
<!-- Generated by org.testng.reporters.JUnitReportReporter -->
<testsuite name="corporateManagement.SearchCorporateTest" tests="2" time="18.645" ignored="0" failures="0" timestamp="14 May 2020 06:08:06 GMT" skipped="0" hostname="Bohar" errors="0">
  <testcase name="searchCorporateByName" time="3.962" classname="corporateManagement.SearchCorporateTest"/>
  <testcase name="searchCorporateByAccount" time="14.683" classname="corporateManagement.SearchCorporateTest"/>
</testsuite> <!-- corporateManagement.SearchCorporateTest -->
